<?xml version="1.0" encoding="UTF-8"?>
<testng-results skipped="0" failed="0" ignored="0" total="1" passed="1">
  <reporter-output>
  </reporter-output>
  <suite name="Default suite" duration-ms="12439" started-at="2019-06-08T06:27:13Z" finished-at="2019-06-08T06:27:26Z">
    <groups>
    </groups>
    <test name="Default test" duration-ms="12439" started-at="2019-06-08T06:27:13Z" finished-at="2019-06-08T06:27:26Z">
      <class name="WebServicesTestCases.GET_ExtractvalueofEachNodeinJSOn">
        <test-method status="PASS" signature="ExtractValueInJSON()[pri:0, instance:WebServicesTestCases.GET_ExtractvalueofEachNodeinJSOn@28d25987]" name="ExtractValueInJSON" duration-ms="12315" started-at="2019-06-08T06:27:13Z" finished-at="2019-06-08T06:27:26Z">
          <reporter-output>
          </reporter-output>
        </test-method> <!-- ExtractValueInJSON -->
      </class> <!-- WebServicesTestCases.GET_ExtractvalueofEachNodeinJSOn -->
    </test> <!-- Default test -->
  </suite> <!-- Default suite -->
</testng-results>
